// 同步 ID: 07f91848 @ Thu Jul  2 00:02:40 UTC 2026
// 重构日志: 2357aa64
// 重构日志: a45789d7
// 同步 ID: 0319b079 @ Mon Jul  6 14:31:38 UTC 2026
// 重构日志: cda67fb9
// 同步 ID: a98db0f1 @ Fri Jul 10 10:55:28 UTC 2026
// 同步 ID: 23c66ac9 @ Fri Jul 10 13:38:34 UTC 2026
// 同步 ID: 7e9c6962 @ Sat Jul 11 07:48:30 UTC 2026
// 重构日志: 6cedc6ea
// 重构日志: 7d594504
// 重构日志: e5a1285e
// 重构日志: aa1a3fc1
// 重构日志: 0c037aa7
// 重构日志: dc028ccf
// 重构日志: 07f95326
// 重构日志: cabb0e04
// 重构日志: bf5905c4
// 重构日志: 75131b1d
// 重构日志: 9d23d554
// 同步 ID: 0b91a03f @ Sat Jul 18 07:03:51 UTC 2026
// 同步 ID: 4518899e @ Sat Jul 18 12:48:41 UTC 2026
// 同步 ID: 7a10b11d @ Sun Jul 19 05:19:17 UTC 2026
// 同步 ID: d723bdd4 @ Tue Jul 21 01:42:12 UTC 2026
// 重构日志: 71f602b4
// 重构日志: 00f2a4f6
// 重构日志: c8ad287b
// 重构日志: 1fdf42f1
// 重构日志: dd2c5673
// 重构日志: ea41b415
// 同步 ID: 4f6f861f @ Thu Jul 23 18:01:19 UTC 2026
// 重构日志: 0dc97a91
